<?xml version="1.0" encoding="UTF-8"?>
<robot generator="Robot 7.4.2 (Python 3.14.5 on win32)" generated="2026-06-01T21:10:28.237823" rpa="false" schemaversion="5">
<suite id="s1" name="Medicamentos Ct08" source="C:\Users\makio\LabFarma\medicamentos_ct08.robot">
<kw name="Dado que o usuário acessa a tela de associação de medicamentos" type="SETUP">
<kw name="Open Browser" owner="SeleniumLibrary">
<msg time="2026-06-01T21:10:28.601798" level="INFO">Opening browser 'chrome' to base url 'http://127.0.0.1:5500/medicamentos.html'.</msg>
<arg>${URL}</arg>
<arg>${BROWSER}</arg>
<doc>Opens a new browser instance to the optional ``url``.</doc>
<status status="PASS" start="2026-06-01T21:10:28.601348" elapsed="1.759391"/>
</kw>
<kw name="Maximize Browser Window" owner="SeleniumLibrary">
<doc>Maximizes current browser window.</doc>
<status status="PASS" start="2026-06-01T21:10:30.361661" elapsed="0.064900"/>
</kw>
<kw name="Sleep" owner="BuiltIn">
<msg time="2026-06-01T21:10:32.428324" level="INFO">Slept 2 seconds.</msg>
<arg>2s</arg>
<doc>Pauses the test executed for the given time.</doc>
<status status="PASS" start="2026-06-01T21:10:30.426993" elapsed="2.001536"/>
</kw>
<status status="PASS" start="2026-06-01T21:10:28.599006" elapsed="3.829672"/>
</kw>
<test id="s1-t1" name="CT08 - Deve associar medicamento com dosagem no limite mínimo válido" line="17">
<kw name="Dado que o usuário informa o id do idoso">
<kw name="Input Text" owner="SeleniumLibrary">
<msg time="2026-06-01T21:10:32.432383" level="INFO">Typing text '5' into text field 'id=idosoId'.</msg>
<arg>${INPUT_IDOSO_ID}</arg>
<arg>${id}</arg>
<doc>Types the given ``text`` into the text field identified by ``locator``.</doc>
<status status="PASS" start="2026-06-01T21:10:32.431494" elapsed="0.326754"/>
</kw>
<arg>5</arg>
<status status="PASS" start="2026-06-01T21:10:32.430837" elapsed="0.327714"/>
</kw>
<kw name="E informa o nome do medicamento">
<kw name="Input Text" owner="SeleniumLibrary">
<msg time="2026-06-01T21:10:32.761461" level="INFO">Typing text 'Dipirona' into text field 'id=nomeMedicamento'.</msg>
<arg>${INPUT_NOME}</arg>
<arg>${nome}</arg>
<doc>Types the given ``text`` into the text field identified by ``locator``.</doc>
<status status="PASS" start="2026-06-01T21:10:32.760611" elapsed="0.213455"/>
</kw>
<arg>Dipirona</arg>
<status status="PASS" start="2026-06-01T21:10:32.759410" elapsed="0.214824"/>
</kw>
<kw name="E informa a dosagem">
<kw name="Input Text" owner="SeleniumLibrary">
<msg time="2026-06-01T21:10:32.975669" level="INFO">Typing text '1' into text field 'id=dosagem'.</msg>
<arg>${INPUT_DOSAGEM}</arg>
<arg>${dosagem}</arg>
<doc>Types the given ``text`` into the text field identified by ``locator``.</doc>
<status status="PASS" start="2026-06-01T21:10:32.975253" elapsed="0.239332"/>
</kw>
<arg>1</arg>
<status status="PASS" start="2026-06-01T21:10:32.974781" elapsed="0.240082"/>
</kw>
<kw name="E informa o horario">
<kw name="Input Text" owner="SeleniumLibrary">
<msg time="2026-06-01T21:10:33.217815" level="INFO">Typing text '08:00' into text field 'id=horario'.</msg>
<arg>${INPUT_HORARIO}</arg>
<arg>${horario}</arg>
<doc>Types the given ``text`` into the text field identified by ``locator``.</doc>
<status status="PASS" start="2026-06-01T21:10:33.217070" elapsed="0.251312"/>
</kw>
<arg>08:00</arg>
<status status="PASS" start="2026-06-01T21:10:33.215723" elapsed="0.252904"/>
</kw>
<kw name="Quando solicitar a associação">
<kw name="Click Button" owner="SeleniumLibrary">
<msg time="2026-06-01T21:10:33.472680" level="INFO">Clicking button 'id=btnAssociar'.</msg>
<arg>${BOTAO_ASSOCIAR}</arg>
<doc>Clicks the button identified by ``locator``.</doc>
<status status="PASS" start="2026-06-01T21:10:33.472074" elapsed="0.184854"/>
</kw>
<status status="PASS" start="2026-06-01T21:10:33.471355" elapsed="0.185827"/>
</kw>
<kw name="Então o sistema deve apresentar a mensagem">
<kw name="Element Text Should Be" owner="SeleniumLibrary">
<msg time="2026-06-01T21:10:33.660443" level="INFO">Verifying element 'id=mensagemMedicamento' contains exact text 'Medicamento associado com sucesso'.</msg>
<arg>${MENSAGEM}</arg>
<arg>${mensagem_esperada}</arg>
<doc>Verifies that element ``locator`` contains exact the text ``expected``.</doc>
<status status="PASS" start="2026-06-01T21:10:33.659504" elapsed="0.077857"/>
</kw>
<arg>Medicamento associado com sucesso</arg>
<status status="PASS" start="2026-06-01T21:10:33.658244" elapsed="0.079297"/>
</kw>
<status status="PASS" start="2026-06-01T21:10:32.428817" elapsed="1.309171"/>
</test>
<test id="s1-t2" name="CTF08 - Deve bloquear dosagem igual a zero" line="25">
<kw name="Dado que o usuário informa o id do idoso">
<kw name="Input Text" owner="SeleniumLibrary">
<msg time="2026-06-01T21:10:33.741166" level="INFO">Typing text '5' into text field 'id=idosoId'.</msg>
<arg>${INPUT_IDOSO_ID}</arg>
<arg>${id}</arg>
<doc>Types the given ``text`` into the text field identified by ``locator``.</doc>
<status status="PASS" start="2026-06-01T21:10:33.740498" elapsed="0.141151"/>
</kw>
<arg>5</arg>
<status status="PASS" start="2026-06-01T21:10:33.739855" elapsed="0.142083"/>
</kw>
<kw name="E informa o nome do medicamento">
<kw name="Input Text" owner="SeleniumLibrary">
<msg time="2026-06-01T21:10:33.884940" level="INFO">Typing text 'Dipirona' into text field 'id=nomeMedicamento'.</msg>
<arg>${INPUT_NOME}</arg>
<arg>${nome}</arg>
<doc>Types the given ``text`` into the text field identified by ``locator``.</doc>
<status status="PASS" start="2026-06-01T21:10:33.884388" elapsed="0.156742"/>
</kw>
<arg>Dipirona</arg>
<status status="PASS" start="2026-06-01T21:10:33.883663" elapsed="0.157591"/>
</kw>
<kw name="E informa a dosagem">
<kw name="Input Text" owner="SeleniumLibrary">
<msg time="2026-06-01T21:10:34.043090" level="INFO">Typing text '0' into text field 'id=dosagem'.</msg>
<arg>${INPUT_DOSAGEM}</arg>
<arg>${dosagem}</arg>
<doc>Types the given ``text`` into the text field identified by ``locator``.</doc>
<status status="PASS" start="2026-06-01T21:10:34.042495" elapsed="0.167246"/>
</kw>
<arg>0</arg>
<status status="PASS" start="2026-06-01T21:10:34.041828" elapsed="0.168077"/>
</kw>
<kw name="E informa o horario">
<kw name="Input Text" owner="SeleniumLibrary">
<msg time="2026-06-01T21:10:34.213082" level="INFO">Typing text '08:00' into text field 'id=horario'.</msg>
<arg>${INPUT_HORARIO}</arg>
<arg>${horario}</arg>
<doc>Types the given ``text`` into the text field identified by ``locator``.</doc>
<status status="PASS" start="2026-06-01T21:10:34.211944" elapsed="0.207350"/>
</kw>
<arg>08:00</arg>
<status status="PASS" start="2026-06-01T21:10:34.210510" elapsed="0.208991"/>
</kw>
<kw name="Quando solicitar a associação">
<kw name="Click Button" owner="SeleniumLibrary">
<msg time="2026-06-01T21:10:34.421654" level="INFO">Clicking button 'id=btnAssociar'.</msg>
<arg>${BOTAO_ASSOCIAR}</arg>
<doc>Clicks the button identified by ``locator``.</doc>
<status status="PASS" start="2026-06-01T21:10:34.420950" elapsed="0.097273"/>
</kw>
<status status="PASS" start="2026-06-01T21:10:34.420168" elapsed="0.098344"/>
</kw>
<kw name="Então o sistema deve apresentar a mensagem">
<kw name="Element Text Should Be" owner="SeleniumLibrary">
<msg time="2026-06-01T21:10:34.519615" level="INFO">Verifying element 'id=mensagemMedicamento' contains exact text 'A dosagem deve ser maior que zero.'.</msg>
<arg>${MENSAGEM}</arg>
<arg>${mensagem_esperada}</arg>
<doc>Verifies that element ``locator`` contains exact the text ``expected``.</doc>
<status status="PASS" start="2026-06-01T21:10:34.519343" elapsed="0.019908"/>
</kw>
<arg>A dosagem deve ser maior que zero.</arg>
<status status="PASS" start="2026-06-01T21:10:34.518975" elapsed="0.020442"/>
</kw>
<status status="PASS" start="2026-06-01T21:10:33.738887" elapsed="0.800892"/>
</test>
<kw name="E fecha o navegador" type="TEARDOWN">
<kw name="Close Browser" owner="SeleniumLibrary">
<doc>Closes the current browser.</doc>
<status status="PASS" start="2026-06-01T21:10:34.541929" elapsed="2.352842"/>
</kw>
<status status="PASS" start="2026-06-01T21:10:34.541688" elapsed="2.353242"/>
</kw>
<status status="PASS" start="2026-06-01T21:10:28.241004" elapsed="8.653966"/>
</suite>
<statistics>
<total>
<stat pass="2" fail="0" skip="0">All Tests</stat>
</total>
<tag>
</tag>
<suite>
<stat name="Medicamentos Ct08" id="s1" pass="2" fail="0" skip="0">Medicamentos Ct08</stat>
</suite>
</statistics>
<errors>
</errors>
</robot>
